INFO: [VRFC 10-2263] Analyzing Verilog file "C:/Users/magen/Documents/Programs/gameboy/build/lcd_to_vga.v" into library xil_defaultlib
INFO: [VRFC 10-311] analyzing module lcd_to_vga
INFO: [VRFC 10-311] analyzing module \lcd_to_vga.border 
INFO: [VRFC 10-311] analyzing module \lcd_to_vga.border.hor 
INFO: [VRFC 10-311] analyzing module \lcd_to_vga.border.ver 
INFO: [VRFC 10-311] analyzing module \lcd_to_vga.upsample 
INFO: [VRFC 10-311] analyzing module \lcd_to_vga.upsample.hor 
INFO: [VRFC 10-311] analyzing module \lcd_to_vga.upsample.ver 
INFO: [VRFC 10-2263] Analyzing Verilog file "C:/Users/magen/Documents/Programs/gameboy/build/vga_driver.v" into library xil_defaultlib
INFO: [VRFC 10-311] analyzing module vga_driver_svga
INFO: [VRFC 10-311] analyzing module \vga_driver_svga.hcounter 
INFO: [VRFC 10-311] analyzing module \vga_driver_svga.vcounter 
INFO: [VRFC 10-2263] Analyzing Verilog file "C:/Users/magen/Documents/Programs/gameboy/build/vga_verify.v" into library xil_defaultlib
INFO: [VRFC 10-311] analyzing module vga_verify
INFO: [VRFC 10-2263] Analyzing Verilog file "C:/Users/magen/Documents/Programs/gameboy/gameboy.ip_user_files/bd/verify_vga/ip/verify_vga_lcd_to_vga_0_0/sim/verify_vga_lcd_to_vga_0_0.v" into library xil_defaultlib
INFO: [VRFC 10-311] analyzing module verify_vga_lcd_to_vga_0_0
INFO: [VRFC 10-2263] Analyzing Verilog file "C:/Users/magen/Documents/Programs/gameboy/gameboy.ip_user_files/bd/verify_vga/ip/verify_vga_vga_driver_svga_0_0/sim/verify_vga_vga_driver_svga_0_0.v" into library xil_defaultlib
INFO: [VRFC 10-311] analyzing module verify_vga_vga_driver_svga_0_0
INFO: [VRFC 10-2263] Analyzing Verilog file "C:/Users/magen/Documents/Programs/gameboy/gameboy.ip_user_files/bd/verify_vga/ip/verify_vga_vga_verify_0_0/sim/verify_vga_vga_verify_0_0.v" into library xil_defaultlib
INFO: [VRFC 10-311] analyzing module verify_vga_vga_verify_0_0
INFO: [VRFC 10-2263] Analyzing Verilog file "C:/Users/magen/Documents/Programs/gameboy/gameboy.ip_user_files/bd/verify_vga/sim/verify_vga.v" into library xil_defaultlib
INFO: [VRFC 10-311] analyzing module verify_vga
INFO: [VRFC 10-2263] Analyzing Verilog file "C:/Users/magen/Documents/Programs/gameboy/gameboy.gen/sources_1/bd/verify_vga/hdl/verify_vga_wrapper.v" into library xil_defaultlib
INFO: [VRFC 10-311] analyzing module verify_vga_wrapper
